<?xml version="1.0" encoding="UTF-8"?>
<!-- Generated by org.testng.reporters.JUnitXMLReporter -->
<testsuite ignored="0" hostname="PRFT-MX-0198" failures="0" tests="2" name="End to End FrameWork Test" time="57.144" errors="0" timestamp="2023-01-20T20:32:37 CST">
  <testcase classname="org.rahulshettyacademy.eCommerce_tc_4_HybridApp" name="ConfirmCost" time="23.845"/>
  <testcase classname="org.rahulshettyacademy.eCommerce_tc_4_HybridApp" name="ConfirmCost" time="20.316"/>
</testsuite> <!-- End to End FrameWork Test -->
