<?xml version="1.0" encoding="UTF-8"?>
<!-- Generated by org.testng.reporters.JUnitXMLReporter -->
<testsuite ignored="0" hostname="PRFT-MX-0198" failures="0" tests="2" name="LoginPage Testing" time="33.743" errors="0" timestamp="2023-01-20T20:31:40 CST">
  <testcase classname="org.rahulshettyacademy.eCommerce_tc_2" name="FillForm_ErrorTesting" time="4.183"/>
  <testcase classname="org.rahulshettyacademy.eCommerce_tc_2" name="FillForm_WorkingCorrectly" time="17.065"/>
</testsuite> <!-- LoginPage Testing -->
