<?xml version="1.0" encoding="UTF-8"?>
<testsuite xmlns:xsi="http://www.w3.org/2001/XMLSchema-instance" xsi:noNamespaceSchemaLocation="https://maven.apache.org/surefire/maven-surefire-plugin/xsd/surefire-test-report-3.0.xsd" version="3.0" name="TestSuite" time="25.721" tests="10" errors="0" skipped="4" failures="6">
  <properties>
[...]
</properties>
  <testcase name="ConfigureAppium" classname="org.rahulshettyacademy.eCommerce_tc_2" time="20.941">
    <failure message="The local appium server has not been started. The given Node.js executable: C:\Program Files\nodejs\node.exe Arguments: [C:\Users\axelc\AppData\Roaming\npm\node_modules\appium\build\lib\main.js, --port, 4723, --address, 127.0.0.1] &#10;Process output: info Appium Upgraded extension manifest to schema v3&#10;&amp;#27;[35m[Appium]&amp;#27;[39m Welcome to Appium v2.0.0-beta.47&#10;&amp;#27;[35m[Appium]&amp;#27;[39m Non-default server args:&#10;&amp;#27;[35m[Appium]&amp;#27;[39m { address: &amp;#27;[32m&apos;127.0.0.1&apos;&amp;#27;[39m }&#10;&amp;#27;[35m[Appium]&amp;#27;[39m Attempting to load driver uiautomator2...&#10;[debug] &amp;#27;[35m[Appium]&amp;#27;[39m Requiring driver at C:\Users\axelc\.appium\node_modules\appium-uiautomator2-driver&#10;&amp;#27;[38;5;0m[HTTP]&amp;#27;[0m Could not start REST http interface listener. The requested port may already be in use. Please make sure there is no other[ insdtaneceb ouf gt]hi s &amp;#27;s[er3ve5rm r[unAnipnpg ialuremad]y&amp;#27;.&#13;[&#10;3&amp;#27;[93m5m [AEprpirumo]r&amp;#27;[:39 ml Ciousldt noet nc onEfAiDgDurReI NAUpSpEi:u ma ddrseesrvse r.a lItr&apos;se apodssyib lei nth aut sa ed ri1ve2r7 o.r0 p.lu0g.in1 t:r4ie7d 2t3o &#13;u&#10;pdate[ tdhee bseurvger]  an&amp;#27;d [f3ai5lemd.[ AOrpigpiinaulm err]or&amp;#27;:[ l3is9tmen  E AD D RI NUaStE S:e ravdedrr.essestu paLlirsetaednyH aindnl ues e [12a7s. 0_l.i0s.t1e:n427]2 3(&#13;n&#10;ode:net:1432:16)&#10;[debug] &amp;#27;[35m[Appium]&amp;#27;[39m     at listenInCluster (node:net:1480:12)&#10;[debug] &amp;#27;[35m[Appium]&amp;#27;[39m     at doListen (node:net:1629:7)&#10;[debug] &amp;#27;[35m[Appium]&amp;#27;[39m     at processTicksAndRejections (node:internal/process/task_queues:84:21)&#10;&#10;" type="io.appium.java_client.service.local.AppiumServerHasNotBeenStartedLocallyException"><![CDATA[io.appium.java_client.service.local.AppiumServerHasNotBeenStartedLocallyException: 
The local appium server has not been started. The given Node.js executable: C:\Program Files\nodejs\node.exe Arguments: [C:\Users\axelc\AppData\Roaming\npm\node_modules\appium\build\lib\main.js, --port, 4723, --address, 127.0.0.1] 
Process output: info Appium Upgraded extension manifest to schema v3
&amp#27;[35m[Appium]&amp#27;[39m Welcome to Appium v2.0.0-beta.47
&amp#27;[35m[Appium]&amp#27;[39m Non-default server args:
&amp#27;[35m[Appium]&amp#27;[39m { address: &amp#27;[32m'127.0.0.1'&amp#27;[39m }
&amp#27;[35m[Appium]&amp#27;[39m Attempting to load driver uiautomator2...
[debug] &amp#27;[35m[Appium]&amp#27;[39m Requiring driver at C:\Users\axelc\.appium\node_modules\appium-uiautomator2-driver
&amp#27;[38;5;0m[HTTP]&amp#27;[0m Could not start REST http interface listener. The requested port may already be in use. Please make sure there is no other[ insdtaneceb ouf gt]hi s &amp#27;s[er3ve5rm r[unAnipnpg ialuremad]y&amp#27;.[
3&amp#27;[93m5m [AEprpirumo]r&amp#27;[:39 ml Ciousldt noet nc onEfAiDgDurReI NAUpSpEi:u ma ddrseesrvse r.a lItr'se apodssyib lei nth aut sa ed ri1ve2r7 o.r0 p.lu0g.in1 t:r4ie7d 2t3o u
pdate[ tdhee bseurvger]  an&amp#27;d [f3ai5lemd.[ AOrpigpiinaulm err]or&amp#27;:[ l3is9tmen  E AD D RI NUaStE S:e ravdedrr.essestu paLlirsetaednyH aindnl ues e [12a7s. 0_l.i0s.t1e:n427]2 3(n
ode:net:1432:16)
[debug] &amp#27;[35m[Appium]&amp#27;[39m     at listenInCluster (node:net:1480:12)
[debug] &amp#27;[35m[Appium]&amp#27;[39m     at doListen (node:net:1629:7)
[debug] &amp#27;[35m[Appium]&amp#27;[39m     at processTicksAndRejections (node:internal/process/task_queues:84:21)


	at io.appium.java_client.service.local.AppiumDriverLocalService.start(AppiumDriverLocalService.java:190)
	at org.rahulshettyacademy.utils.appiumUtils.startAppiumServer(appiumUtils.java:20)
	at org.rahulshettyacademy.TestUtils.BaseTest.ConfigureAppium(BaseTest.java:42)
	at java.base/jdk.internal.reflect.NativeMethodAccessorImpl.invoke0(Native Method)
	at java.base/jdk.internal.reflect.NativeMethodAccessorImpl.invoke(NativeMethodAccessorImpl.java:62)
	at java.base/jdk.internal.reflect.DelegatingMethodAccessorImpl.invoke(DelegatingMethodAccessorImpl.java:43)
	at java.base/java.lang.reflect.Method.invoke(Method.java:566)
	at org.testng.internal.MethodInvocationHelper.invokeMethod(MethodInvocationHelper.java:124)
	at org.testng.internal.MethodInvocationHelper.invokeMethodConsideringTimeout(MethodInvocationHelper.java:59)
	at org.testng.internal.Invoker.invokeConfigurationMethod(Invoker.java:458)
	at org.testng.internal.Invoker.invokeConfigurations(Invoker.java:222)
	at org.testng.internal.Invoker.invokeConfigurations(Invoker.java:142)
	at org.testng.internal.TestMethodWorker.invokeBeforeClassMethods(TestMethodWorker.java:168)
	at org.testng.internal.TestMethodWorker.run(TestMethodWorker.java:105)
	at org.testng.TestRunner.privateRun(TestRunner.java:648)
	at org.testng.TestRunner.run(TestRunner.java:505)
	at org.testng.SuiteRunner.runTest(SuiteRunner.java:455)
	at org.testng.SuiteRunner.runSequentially(SuiteRunner.java:450)
	at org.testng.SuiteRunner.privateRun(SuiteRunner.java:415)
	at org.testng.SuiteRunner.run(SuiteRunner.java:364)
	at org.testng.SuiteRunnerWorker.runSuite(SuiteRunnerWorker.java:52)
	at org.testng.SuiteRunnerWorker.run(SuiteRunnerWorker.java:84)
	at org.testng.TestNG.runSuitesSequentially(TestNG.java:1208)
	at org.testng.TestNG.runSuitesLocally(TestNG.java:1137)
	at org.testng.TestNG.runSuites(TestNG.java:1049)
	at org.testng.TestNG.run(TestNG.java:1017)
	at org.apache.maven.surefire.testng.TestNGExecutor.run(TestNGExecutor.java:324)
	at org.apache.maven.surefire.testng.TestNGXmlTestSuite.execute(TestNGXmlTestSuite.java:74)
	at org.apache.maven.surefire.testng.TestNGProvider.invoke(TestNGProvider.java:123)
	at org.apache.maven.surefire.booter.ForkedBooter.runSuitesInProcess(ForkedBooter.java:456)
	at org.apache.maven.surefire.booter.ForkedBooter.execute(ForkedBooter.java:169)
	at org.apache.maven.surefire.booter.ForkedBooter.run(ForkedBooter.java:595)
	at org.apache.maven.surefire.booter.ForkedBooter.main(ForkedBooter.java:581)
Caused by: org.openqa.selenium.net.UrlChecker$TimeoutException: Timed out waiting for [http://127.0.0.1:4723/status] to be available after 20015 ms
	at org.openqa.selenium.net.UrlChecker.waitUntilAvailable(UrlChecker.java:89)
	at io.appium.java_client.service.local.AppiumDriverLocalService.ping(AppiumDriverLocalService.java:155)
	at io.appium.java_client.service.local.AppiumDriverLocalService.start(AppiumDriverLocalService.java:177)
	... 32 more
Caused by: java.util.concurrent.TimeoutException
	at java.base/java.util.concurrent.FutureTask.get(FutureTask.java:204)
	at org.openqa.selenium.net.UrlChecker.waitUntilAvailable(UrlChecker.java:87)
	... 34 more
]]></failure>
    <system-out><![CDATA[[TestNGContentHandler] [WARN] It is strongly recommended to add "<!DOCTYPE suite SYSTEM "http://testng.org/testng-1.0.dtd" >" at the top of your file, otherwise TestNG may fail or not work as expected.
info Appium Upgraded extension manifest to schema v3
&amp#27;[35m[Appium]&amp#27;[39m Welcome to Appium v2.0.0-beta.47
&amp#27;[35m[Appium]&amp#27;[39m Non-default server args:
&amp#27;[35m[Appium]&amp#27;[39m { address: &amp#27;[32m'127.0.0.1'&amp#27;[39m }
&amp#27;[35m[Appium]&amp#27;[39m Attempting to load driver uiautomator2...
[debug] &amp#27;[35m[Appium]&amp#27;[39m Requiring driver at C:\Users\axelc\.appium\node_modules\appium-uiautomator2-driver
&amp#27;[38;5;0m[HTTP]&amp#27;[0m Could not start REST http interface listener. The requested port may already be in use. Please make sure there is no other in[stadncee bofu gth]is  &amp#27;se[rv3e5r mru[nnAipngp ailrueamd]y.&amp#27;
[3&amp#27;[935mm[ AEpprirumo]&amp#27;r[3:9 m lCoiulsd ntote nco nEfAiDguDrReI NAUpSpEi:u madd rseersvser .a Ilt'rse paosdsiybl ei tnh atu as edr iv1e2r 7o.r 0pl.u0gi.n 1t:ri4ed7 2to3 u
pdate [thdee sberuvegr] a nd&amp#27; [fa3il5edm.[ OAripgpiniaul ermr]or&amp#27;: [li3s9temn  EA D DR IN UaSt ES:e ravdedrr.essetsu paLlirsetaednyH anidn luese  1[2a7s. _0l.i0s.t1e:n427]2 3(n
ode:net:1432:16)
[debug] &amp#27;[35m[Appium]&amp#27;[39m     at listenInCluster (node:net:1480:12)
[debug] &amp#27;[35m[Appium]&amp#27;[39m     at doListen (node:net:1629:7)
[debug] &amp#27;[35m[Appium]&amp#27;[39m     at processTicksAndRejections (node:internal/process/task_queues:84:21)
]]></system-out>
    <system-err><![CDATA[SLF4J: Failed to load class "org.slf4j.impl.StaticLoggerBinder".
SLF4J: Defaulting to no-operation (NOP) logger implementation
SLF4J: See http://www.slf4j.org/codes.html#StaticLoggerBinder for further details.
]]></system-err>
  </testcase>
  <testcase name="FillForm_ErrorTesting" classname="org.rahulshettyacademy.eCommerce_tc_2" time="0">
    <skipped message="The local appium server has not been started. The given Node.js executable: C:\Program Files\nodejs\node.exe Arguments: [C:\Users\axelc\AppData\Roaming\npm\node_modules\appium\build\lib\main.js, --port, 4723, --address, 127.0.0.1] &#10;Process output: info Appium Upgraded extension manifest to schema v3&#10;&amp;#27;[35m[Appium]&amp;#27;[39m Welcome to Appium v2.0.0-beta.47&#10;&amp;#27;[35m[Appium]&amp;#27;[39m Non-default server args:&#10;&amp;#27;[35m[Appium]&amp;#27;[39m { address: &amp;#27;[32m&apos;127.0.0.1&apos;&amp;#27;[39m }&#10;&amp;#27;[35m[Appium]&amp;#27;[39m Attempting to load driver uiautomator2...&#10;[debug] &amp;#27;[35m[Appium]&amp;#27;[39m Requiring driver at C:\Users\axelc\.appium\node_modules\appium-uiautomator2-driver&#10;&amp;#27;[38;5;0m[HTTP]&amp;#27;[0m Could not start REST http interface listener. The requested port may already be in use. Please make sure there is no other[ insdtaneceb ouf gt]hi s &amp;#27;s[er3ve5rm r[unAnipnpg ialuremad]y&amp;#27;.&#13;[&#10;3&amp;#27;[93m5m [AEprpirumo]r&amp;#27;[:39 ml Ciousldt noet nc onEfAiDgDurReI NAUpSpEi:u ma ddrseesrvse r.a lItr&apos;se apodssyib lei nth aut sa ed ri1ve2r7 o.r0 p.lu0g.in1 t:r4ie7d 2t3o &#13;u&#10;pdate[ tdhee bseurvger]  an&amp;#27;d [f3ai5lemd.[ AOrpigpiinaulm err]or&amp;#27;:[ l3is9tmen  E AD D RI NUaStE S:e ravdedrr.essestu paLlirsetaednyH aindnl ues e [12a7s. 0_l.i0s.t1e:n427]2 3(&#13;n&#10;ode:net:1432:16)&#10;[debug] &amp;#27;[35m[Appium]&amp;#27;[39m     at listenInCluster (node:net:1480:12)&#10;[debug] &amp;#27;[35m[Appium]&amp;#27;[39m     at doListen (node:net:1629:7)&#10;[debug] &amp;#27;[35m[Appium]&amp;#27;[39m     at processTicksAndRejections (node:internal/process/task_queues:84:21)&#10;&#10;"/>
  </testcase>
  <testcase name="FillForm_WorkingCorrectly" classname="org.rahulshettyacademy.eCommerce_tc_2" time="0">
    <skipped message="The local appium server has not been started. The given Node.js executable: C:\Program Files\nodejs\node.exe Arguments: [C:\Users\axelc\AppData\Roaming\npm\node_modules\appium\build\lib\main.js, --port, 4723, --address, 127.0.0.1] &#10;Process output: info Appium Upgraded extension manifest to schema v3&#10;&amp;#27;[35m[Appium]&amp;#27;[39m Welcome to Appium v2.0.0-beta.47&#10;&amp;#27;[35m[Appium]&amp;#27;[39m Non-default server args:&#10;&amp;#27;[35m[Appium]&amp;#27;[39m { address: &amp;#27;[32m&apos;127.0.0.1&apos;&amp;#27;[39m }&#10;&amp;#27;[35m[Appium]&amp;#27;[39m Attempting to load driver uiautomator2...&#10;[debug] &amp;#27;[35m[Appium]&amp;#27;[39m Requiring driver at C:\Users\axelc\.appium\node_modules\appium-uiautomator2-driver&#10;&amp;#27;[38;5;0m[HTTP]&amp;#27;[0m Could not start REST http interface listener. The requested port may already be in use. Please make sure there is no other[ insdtaneceb ouf gt]hi s &amp;#27;s[er3ve5rm r[unAnipnpg ialuremad]y&amp;#27;.&#13;[&#10;3&amp;#27;[93m5m [AEprpirumo]r&amp;#27;[:39 ml Ciousldt noet nc onEfAiDgDurReI NAUpSpEi:u ma ddrseesrvse r.a lItr&apos;se apodssyib lei nth aut sa ed ri1ve2r7 o.r0 p.lu0g.in1 t:r4ie7d 2t3o &#13;u&#10;pdate[ tdhee bseurvger]  an&amp;#27;d [f3ai5lemd.[ AOrpigpiinaulm err]or&amp;#27;:[ l3is9tmen  E AD D RI NUaStE S:e ravdedrr.essestu paLlirsetaednyH aindnl ues e [12a7s. 0_l.i0s.t1e:n427]2 3(&#13;n&#10;ode:net:1432:16)&#10;[debug] &amp;#27;[35m[Appium]&amp;#27;[39m     at listenInCluster (node:net:1480:12)&#10;[debug] &amp;#27;[35m[Appium]&amp;#27;[39m     at doListen (node:net:1629:7)&#10;[debug] &amp;#27;[35m[Appium]&amp;#27;[39m     at processTicksAndRejections (node:internal/process/task_queues:84:21)&#10;&#10;"/>
  </testcase>
  <testcase name="TearDown" classname="org.rahulshettyacademy.eCommerce_tc_2" time="20.946">
    <failure message="org/openqa/selenium/Rotatable" type="java.lang.NoClassDefFoundError"><![CDATA[java.lang.NoClassDefFoundError: org/openqa/selenium/Rotatable
	at java.base/java.lang.ClassLoader.defineClass1(Native Method)
	at java.base/java.lang.ClassLoader.defineClass(ClassLoader.java:1016)
	at java.base/java.security.SecureClassLoader.defineClass(SecureClassLoader.java:174)
	at java.base/jdk.internal.loader.BuiltinClassLoader.defineClass(BuiltinClassLoader.java:800)
	at java.base/jdk.internal.loader.BuiltinClassLoader.findClassOnClassPathOrNull(BuiltinClassLoader.java:698)
	at java.base/jdk.internal.loader.BuiltinClassLoader.loadClassOrNull(BuiltinClassLoader.java:621)
	at java.base/jdk.internal.loader.BuiltinClassLoader.loadClass(BuiltinClassLoader.java:579)
	at java.base/jdk.internal.loader.ClassLoaders$AppClassLoader.loadClass(ClassLoaders.java:178)
	at java.base/java.lang.ClassLoader.loadClass(ClassLoader.java:521)
	at java.base/java.lang.ClassLoader.defineClass1(Native Method)
	at java.base/java.lang.ClassLoader.defineClass(ClassLoader.java:1016)
	at java.base/java.security.SecureClassLoader.defineClass(SecureClassLoader.java:174)
	at java.base/jdk.internal.loader.BuiltinClassLoader.defineClass(BuiltinClassLoader.java:800)
	at java.base/jdk.internal.loader.BuiltinClassLoader.findClassOnClassPathOrNull(BuiltinClassLoader.java:698)
	at java.base/jdk.internal.loader.BuiltinClassLoader.loadClassOrNull(BuiltinClassLoader.java:621)
	at java.base/jdk.internal.loader.BuiltinClassLoader.loadClass(BuiltinClassLoader.java:579)
	at java.base/jdk.internal.loader.ClassLoaders$AppClassLoader.loadClass(ClassLoaders.java:178)
	at java.base/java.lang.ClassLoader.loadClass(ClassLoader.java:521)
	at org.rahulshettyacademy.TestUtils.BaseTest.TearDown(BaseTest.java:115)
	at java.base/jdk.internal.reflect.NativeMethodAccessorImpl.invoke0(Native Method)
	at java.base/jdk.internal.reflect.NativeMethodAccessorImpl.invoke(NativeMethodAccessorImpl.java:62)
	at java.base/jdk.internal.reflect.DelegatingMethodAccessorImpl.invoke(DelegatingMethodAccessorImpl.java:43)
	at java.base/java.lang.reflect.Method.invoke(Method.java:566)
	at org.testng.internal.MethodInvocationHelper.invokeMethod(MethodInvocationHelper.java:124)
	at org.testng.internal.MethodInvocationHelper.invokeMethodConsideringTimeout(MethodInvocationHelper.java:59)
	at org.testng.internal.Invoker.invokeConfigurationMethod(Invoker.java:458)
	at org.testng.internal.Invoker.invokeConfigurations(Invoker.java:222)
	at org.testng.internal.Invoker.invokeConfigurations(Invoker.java:142)
	at org.testng.internal.TestMethodWorker.invokeAfterClassMethods(TestMethodWorker.java:214)
	at org.testng.internal.TestMethodWorker.run(TestMethodWorker.java:111)
	at org.testng.TestRunner.privateRun(TestRunner.java:648)
	at org.testng.TestRunner.run(TestRunner.java:505)
	at org.testng.SuiteRunner.runTest(SuiteRunner.java:455)
	at org.testng.SuiteRunner.runSequentially(SuiteRunner.java:450)
	at org.testng.SuiteRunner.privateRun(SuiteRunner.java:415)
	at org.testng.SuiteRunner.run(SuiteRunner.java:364)
	at org.testng.SuiteRunnerWorker.runSuite(SuiteRunnerWorker.java:52)
	at org.testng.SuiteRunnerWorker.run(SuiteRunnerWorker.java:84)
	at org.testng.TestNG.runSuitesSequentially(TestNG.java:1208)
	at org.testng.TestNG.runSuitesLocally(TestNG.java:1137)
	at org.testng.TestNG.runSuites(TestNG.java:1049)
	at org.testng.TestNG.run(TestNG.java:1017)
	at org.apache.maven.surefire.testng.TestNGExecutor.run(TestNGExecutor.java:324)
	at org.apache.maven.surefire.testng.TestNGXmlTestSuite.execute(TestNGXmlTestSuite.java:74)
	at org.apache.maven.surefire.testng.TestNGProvider.invoke(TestNGProvider.java:123)
	at org.apache.maven.surefire.booter.ForkedBooter.runSuitesInProcess(ForkedBooter.java:456)
	at org.apache.maven.surefire.booter.ForkedBooter.execute(ForkedBooter.java:169)
	at org.apache.maven.surefire.booter.ForkedBooter.run(ForkedBooter.java:595)
	at org.apache.maven.surefire.booter.ForkedBooter.main(ForkedBooter.java:581)
Caused by: java.lang.ClassNotFoundException: org.openqa.selenium.Rotatable
	at java.base/jdk.internal.loader.BuiltinClassLoader.loadClass(BuiltinClassLoader.java:581)
	at java.base/jdk.internal.loader.ClassLoaders$AppClassLoader.loadClass(ClassLoaders.java:178)
	at java.base/java.lang.ClassLoader.loadClass(ClassLoader.java:521)
	... 49 more
]]></failure>
  </testcase>
  <testcase name="ConfigureAppium" classname="org.rahulshettyacademy.eCommerce_tc_4_HybridApp" time="25.633">
    <failure message="org/openqa/selenium/Rotatable" type="java.lang.NoClassDefFoundError"><![CDATA[java.lang.NoClassDefFoundError: org/openqa/selenium/Rotatable
	at org.rahulshettyacademy.TestUtils.BaseTest.ConfigureAppium(BaseTest.java:52)
	at java.base/jdk.internal.reflect.NativeMethodAccessorImpl.invoke0(Native Method)
	at java.base/jdk.internal.reflect.NativeMethodAccessorImpl.invoke(NativeMethodAccessorImpl.java:62)
	at java.base/jdk.internal.reflect.DelegatingMethodAccessorImpl.invoke(DelegatingMethodAccessorImpl.java:43)
	at java.base/java.lang.reflect.Method.invoke(Method.java:566)
	at org.testng.internal.MethodInvocationHelper.invokeMethod(MethodInvocationHelper.java:124)
	at org.testng.internal.MethodInvocationHelper.invokeMethodConsideringTimeout(MethodInvocationHelper.java:59)
	at org.testng.internal.Invoker.invokeConfigurationMethod(Invoker.java:458)
	at org.testng.internal.Invoker.invokeConfigurations(Invoker.java:222)
	at org.testng.internal.Invoker.invokeConfigurations(Invoker.java:142)
	at org.testng.internal.TestMethodWorker.invokeBeforeClassMethods(TestMethodWorker.java:168)
	at org.testng.internal.TestMethodWorker.run(TestMethodWorker.java:105)
	at org.testng.TestRunner.privateRun(TestRunner.java:648)
	at org.testng.TestRunner.run(TestRunner.java:505)
	at org.testng.SuiteRunner.runTest(SuiteRunner.java:455)
	at org.testng.SuiteRunner.runSequentially(SuiteRunner.java:450)
	at org.testng.SuiteRunner.privateRun(SuiteRunner.java:415)
	at org.testng.SuiteRunner.run(SuiteRunner.java:364)
	at org.testng.SuiteRunnerWorker.runSuite(SuiteRunnerWorker.java:52)
	at org.testng.SuiteRunnerWorker.run(SuiteRunnerWorker.java:84)
	at org.testng.TestNG.runSuitesSequentially(TestNG.java:1208)
	at org.testng.TestNG.runSuitesLocally(TestNG.java:1137)
	at org.testng.TestNG.runSuites(TestNG.java:1049)
	at org.testng.TestNG.run(TestNG.java:1017)
	at org.apache.maven.surefire.testng.TestNGExecutor.run(TestNGExecutor.java:324)
	at org.apache.maven.surefire.testng.TestNGXmlTestSuite.execute(TestNGXmlTestSuite.java:74)
	at org.apache.maven.surefire.testng.TestNGProvider.invoke(TestNGProvider.java:123)
	at org.apache.maven.surefire.booter.ForkedBooter.runSuitesInProcess(ForkedBooter.java:456)
	at org.apache.maven.surefire.booter.ForkedBooter.execute(ForkedBooter.java:169)
	at org.apache.maven.surefire.booter.ForkedBooter.run(ForkedBooter.java:595)
	at org.apache.maven.surefire.booter.ForkedBooter.main(ForkedBooter.java:581)
]]></failure>
    <system-out><![CDATA[info Appium Upgraded extension manifest to schema v3
&amp#27;[35m[Appium]&amp#27;[39m Welcome to Appium v2.0.0-beta.47
&amp#27;[35m[Appium]&amp#27;[39m Non-default server args:
&amp#27;[35m[Appium]&amp#27;[39m { address: &amp#27;[32m'127.0.0.1'&amp#27;[39m }
&amp#27;[35m[Appium]&amp#27;[39m Attempting to load driver uiautomator2...
[debug] &amp#27;[35m[Appium]&amp#27;[39m Requiring driver at C:\Users\axelc\.appium\node_modules\appium-uiautomator2-driver
&amp#27;[35m[Appium]&amp#27;[39m Appium REST http interface listener started on 127.0.0.1:4723
&amp#27;[35m[Appium]&amp#27;[39m Available drivers:
&amp#27;[35m[Appium]&amp#27;[39m   - uiautomator2@2.12.0 (automationName 'UiAutomator2')
&amp#27;[35m[Appium]&amp#27;[39m No plugins have been installed. Use the "appium plugin" command to install the one(s) you want to use.
&amp#27;[38;5;0m[HTTP]&amp#27;[0m &amp#27;[37m-->&amp#27;[39m &amp#27;[37mGET&amp#27;[39m &amp#27;[37m/status&amp#27;[39m
&amp#27;[38;5;0m[HTTP]&amp#27;[0m &amp#27;[90m{}&amp#27;[39m
[debug] &amp#27;[38;5;16m[AppiumDriver@e9b7]&amp#27;[0m Calling AppiumDriver.getStatus() with args: []
[debug] &amp#27;[38;5;16m[AppiumDriver@e9b7]&amp#27;[0m Responding to client with driver.getStatus() result: {"build":{"version":"2.0.0-beta.47"}}
&amp#27;[38;5;0m[HTTP]&amp#27;[0m &amp#27;[37m<-- GET /status &amp#27;[39m&amp#27;[32m200&amp#27;[39m &amp#27;[90m4 ms - 47&amp#27;[39m
&amp#27;[38;5;0m[HTTP]&amp#27;[0m &amp#27;[90m&amp#27;[39m
]]></system-out>
  </testcase>
  <testcase name="ConfirmCost" classname="org.rahulshettyacademy.eCommerce_tc_4_HybridApp" time="0">
    <skipped message="org/openqa/selenium/Rotatable"/>
  </testcase>
  <testcase name="ConfirmCost" classname="org.rahulshettyacademy.eCommerce_tc_4_HybridApp" time="0">
    <skipped message="org/openqa/selenium/Rotatable"/>
  </testcase>
  <testcase name="preSetup" classname="org.rahulshettyacademy.eCommerce_tc_4_HybridApp" time="25.633">
    <failure message="org/openqa/selenium/Rotatable" type="java.lang.NoClassDefFoundError"><![CDATA[java.lang.NoClassDefFoundError: org/openqa/selenium/Rotatable
	at java.base/java.lang.ClassLoader.defineClass1(Native Method)
	at java.base/java.lang.ClassLoader.defineClass(ClassLoader.java:1016)
	at java.base/java.security.SecureClassLoader.defineClass(SecureClassLoader.java:174)
	at java.base/jdk.internal.loader.BuiltinClassLoader.defineClass(BuiltinClassLoader.java:800)
	at java.base/jdk.internal.loader.BuiltinClassLoader.findClassOnClassPathOrNull(BuiltinClassLoader.java:698)
	at java.base/jdk.internal.loader.BuiltinClassLoader.loadClassOrNull(BuiltinClassLoader.java:621)
	at java.base/jdk.internal.loader.BuiltinClassLoader.loadClass(BuiltinClassLoader.java:579)
	at java.base/jdk.internal.loader.ClassLoaders$AppClassLoader.loadClass(ClassLoaders.java:178)
	at java.base/java.lang.ClassLoader.loadClass(ClassLoader.java:521)
	at java.base/java.lang.ClassLoader.defineClass1(Native Method)
	at java.base/java.lang.ClassLoader.defineClass(ClassLoader.java:1016)
	at java.base/java.security.SecureClassLoader.defineClass(SecureClassLoader.java:174)
	at java.base/jdk.internal.loader.BuiltinClassLoader.defineClass(BuiltinClassLoader.java:800)
	at java.base/jdk.internal.loader.BuiltinClassLoader.findClassOnClassPathOrNull(BuiltinClassLoader.java:698)
	at java.base/jdk.internal.loader.BuiltinClassLoader.loadClassOrNull(BuiltinClassLoader.java:621)
	at java.base/jdk.internal.loader.BuiltinClassLoader.loadClass(BuiltinClassLoader.java:579)
	at java.base/jdk.internal.loader.ClassLoaders$AppClassLoader.loadClass(ClassLoaders.java:178)
	at java.base/java.lang.ClassLoader.loadClass(ClassLoader.java:521)
	at org.rahulshettyacademy.eCommerce_tc_4_HybridApp.preSetup(eCommerce_tc_4_HybridApp.java:69)
	at java.base/jdk.internal.reflect.NativeMethodAccessorImpl.invoke0(Native Method)
	at java.base/jdk.internal.reflect.NativeMethodAccessorImpl.invoke(NativeMethodAccessorImpl.java:62)
	at java.base/jdk.internal.reflect.DelegatingMethodAccessorImpl.invoke(DelegatingMethodAccessorImpl.java:43)
	at java.base/java.lang.reflect.Method.invoke(Method.java:566)
	at org.testng.internal.MethodInvocationHelper.invokeMethod(MethodInvocationHelper.java:124)
	at org.testng.internal.MethodInvocationHelper.invokeMethodConsideringTimeout(MethodInvocationHelper.java:59)
	at org.testng.internal.Invoker.invokeConfigurationMethod(Invoker.java:458)
	at org.testng.internal.Invoker.invokeConfigurations(Invoker.java:222)
	at org.testng.internal.Invoker.invokeMethod(Invoker.java:536)
	at org.testng.internal.Invoker.invokeTestMethod(Invoker.java:719)
	at org.testng.internal.Invoker.invokeTestMethods(Invoker.java:989)
	at org.testng.internal.TestMethodWorker.invokeTestMethods(TestMethodWorker.java:125)
	at org.testng.internal.TestMethodWorker.run(TestMethodWorker.java:109)
	at org.testng.TestRunner.privateRun(TestRunner.java:648)
	at org.testng.TestRunner.run(TestRunner.java:505)
	at org.testng.SuiteRunner.runTest(SuiteRunner.java:455)
	at org.testng.SuiteRunner.runSequentially(SuiteRunner.java:450)
	at org.testng.SuiteRunner.privateRun(SuiteRunner.java:415)
	at org.testng.SuiteRunner.run(SuiteRunner.java:364)
	at org.testng.SuiteRunnerWorker.runSuite(SuiteRunnerWorker.java:52)
	at org.testng.SuiteRunnerWorker.run(SuiteRunnerWorker.java:84)
	at org.testng.TestNG.runSuitesSequentially(TestNG.java:1208)
	at org.testng.TestNG.runSuitesLocally(TestNG.java:1137)
	at org.testng.TestNG.runSuites(TestNG.java:1049)
	at org.testng.TestNG.run(TestNG.java:1017)
	at org.apache.maven.surefire.testng.TestNGExecutor.run(TestNGExecutor.java:324)
	at org.apache.maven.surefire.testng.TestNGXmlTestSuite.execute(TestNGXmlTestSuite.java:74)
	at org.apache.maven.surefire.testng.TestNGProvider.invoke(TestNGProvider.java:123)
	at org.apache.maven.surefire.booter.ForkedBooter.runSuitesInProcess(ForkedBooter.java:456)
	at org.apache.maven.surefire.booter.ForkedBooter.execute(ForkedBooter.java:169)
	at org.apache.maven.surefire.booter.ForkedBooter.run(ForkedBooter.java:595)
	at org.apache.maven.surefire.booter.ForkedBooter.main(ForkedBooter.java:581)
Caused by: java.lang.ClassNotFoundException: org.openqa.selenium.Rotatable
	at java.base/jdk.internal.loader.BuiltinClassLoader.loadClass(BuiltinClassLoader.java:581)
	at java.base/jdk.internal.loader.ClassLoaders$AppClassLoader.loadClass(ClassLoaders.java:178)
	at java.base/java.lang.ClassLoader.loadClass(ClassLoader.java:521)
	... 51 more
]]></failure>
  </testcase>
  <testcase name="preSetup" classname="org.rahulshettyacademy.eCommerce_tc_4_HybridApp" time="25.633">
    <failure message="org/openqa/selenium/Rotatable" type="java.lang.NoClassDefFoundError"><![CDATA[java.lang.NoClassDefFoundError: org/openqa/selenium/Rotatable
	at org.rahulshettyacademy.eCommerce_tc_4_HybridApp.preSetup(eCommerce_tc_4_HybridApp.java:69)
	at java.base/jdk.internal.reflect.NativeMethodAccessorImpl.invoke0(Native Method)
	at java.base/jdk.internal.reflect.NativeMethodAccessorImpl.invoke(NativeMethodAccessorImpl.java:62)
	at java.base/jdk.internal.reflect.DelegatingMethodAccessorImpl.invoke(DelegatingMethodAccessorImpl.java:43)
	at java.base/java.lang.reflect.Method.invoke(Method.java:566)
	at org.testng.internal.MethodInvocationHelper.invokeMethod(MethodInvocationHelper.java:124)
	at org.testng.internal.MethodInvocationHelper.invokeMethodConsideringTimeout(MethodInvocationHelper.java:59)
	at org.testng.internal.Invoker.invokeConfigurationMethod(Invoker.java:458)
	at org.testng.internal.Invoker.invokeConfigurations(Invoker.java:222)
	at org.testng.internal.Invoker.invokeMethod(Invoker.java:536)
	at org.testng.internal.Invoker.invokeTestMethod(Invoker.java:719)
	at org.testng.internal.Invoker.invokeTestMethods(Invoker.java:989)
	at org.testng.internal.TestMethodWorker.invokeTestMethods(TestMethodWorker.java:125)
	at org.testng.internal.TestMethodWorker.run(TestMethodWorker.java:109)
	at org.testng.TestRunner.privateRun(TestRunner.java:648)
	at org.testng.TestRunner.run(TestRunner.java:505)
	at org.testng.SuiteRunner.runTest(SuiteRunner.java:455)
	at org.testng.SuiteRunner.runSequentially(SuiteRunner.java:450)
	at org.testng.SuiteRunner.privateRun(SuiteRunner.java:415)
	at org.testng.SuiteRunner.run(SuiteRunner.java:364)
	at org.testng.SuiteRunnerWorker.runSuite(SuiteRunnerWorker.java:52)
	at org.testng.SuiteRunnerWorker.run(SuiteRunnerWorker.java:84)
	at org.testng.TestNG.runSuitesSequentially(TestNG.java:1208)
	at org.testng.TestNG.runSuitesLocally(TestNG.java:1137)
	at org.testng.TestNG.runSuites(TestNG.java:1049)
	at org.testng.TestNG.run(TestNG.java:1017)
	at org.apache.maven.surefire.testng.TestNGExecutor.run(TestNGExecutor.java:324)
	at org.apache.maven.surefire.testng.TestNGXmlTestSuite.execute(TestNGXmlTestSuite.java:74)
	at org.apache.maven.surefire.testng.TestNGProvider.invoke(TestNGProvider.java:123)
	at org.apache.maven.surefire.booter.ForkedBooter.runSuitesInProcess(ForkedBooter.java:456)
	at org.apache.maven.surefire.booter.ForkedBooter.execute(ForkedBooter.java:169)
	at org.apache.maven.surefire.booter.ForkedBooter.run(ForkedBooter.java:595)
	at org.apache.maven.surefire.booter.ForkedBooter.main(ForkedBooter.java:581)
]]></failure>
  </testcase>
  <testcase name="TearDown" classname="org.rahulshettyacademy.eCommerce_tc_4_HybridApp" time="25.633">
    <failure message="org/openqa/selenium/Rotatable" type="java.lang.NoClassDefFoundError"><![CDATA[java.lang.NoClassDefFoundError: org/openqa/selenium/Rotatable
	at org.rahulshettyacademy.TestUtils.BaseTest.TearDown(BaseTest.java:115)
	at java.base/jdk.internal.reflect.NativeMethodAccessorImpl.invoke0(Native Method)
	at java.base/jdk.internal.reflect.NativeMethodAccessorImpl.invoke(NativeMethodAccessorImpl.java:62)
	at java.base/jdk.internal.reflect.DelegatingMethodAccessorImpl.invoke(DelegatingMethodAccessorImpl.java:43)
	at java.base/java.lang.reflect.Method.invoke(Method.java:566)
	at org.testng.internal.MethodInvocationHelper.invokeMethod(MethodInvocationHelper.java:124)
	at org.testng.internal.MethodInvocationHelper.invokeMethodConsideringTimeout(MethodInvocationHelper.java:59)
	at org.testng.internal.Invoker.invokeConfigurationMethod(Invoker.java:458)
	at org.testng.internal.Invoker.invokeConfigurations(Invoker.java:222)
	at org.testng.internal.Invoker.invokeConfigurations(Invoker.java:142)
	at org.testng.internal.TestMethodWorker.invokeAfterClassMethods(TestMethodWorker.java:214)
	at org.testng.internal.TestMethodWorker.run(TestMethodWorker.java:111)
	at org.testng.TestRunner.privateRun(TestRunner.java:648)
	at org.testng.TestRunner.run(TestRunner.java:505)
	at org.testng.SuiteRunner.runTest(SuiteRunner.java:455)
	at org.testng.SuiteRunner.runSequentially(SuiteRunner.java:450)
	at org.testng.SuiteRunner.privateRun(SuiteRunner.java:415)
	at org.testng.SuiteRunner.run(SuiteRunner.java:364)
	at org.testng.SuiteRunnerWorker.runSuite(SuiteRunnerWorker.java:52)
	at org.testng.SuiteRunnerWorker.run(SuiteRunnerWorker.java:84)
	at org.testng.TestNG.runSuitesSequentially(TestNG.java:1208)
	at org.testng.TestNG.runSuitesLocally(TestNG.java:1137)
	at org.testng.TestNG.runSuites(TestNG.java:1049)
	at org.testng.TestNG.run(TestNG.java:1017)
	at org.apache.maven.surefire.testng.TestNGExecutor.run(TestNGExecutor.java:324)
	at org.apache.maven.surefire.testng.TestNGXmlTestSuite.execute(TestNGXmlTestSuite.java:74)
	at org.apache.maven.surefire.testng.TestNGProvider.invoke(TestNGProvider.java:123)
	at org.apache.maven.surefire.booter.ForkedBooter.runSuitesInProcess(ForkedBooter.java:456)
	at org.apache.maven.surefire.booter.ForkedBooter.execute(ForkedBooter.java:169)
	at org.apache.maven.surefire.booter.ForkedBooter.run(ForkedBooter.java:595)
	at org.apache.maven.surefire.booter.ForkedBooter.main(ForkedBooter.java:581)
]]></failure>
  </testcase>
</testsuite>